<?xml version="1.0" encoding="UTF-8"?>
<!-- Generated by org.testng.reporters.JUnitReportReporter -->
<testsuite hostname="Sumit" name="testScripts.productCategoryPage.VerifyProductPriceInSortedOrder" tests="1" failures="0" timestamp="24 Nov 2020 18:36:46 GMT" time="13.237" errors="0">
  <testcase name="verifyProductPriceSortingInProductCategoryPage" time="13.237" classname="testScripts.productCategoryPage.VerifyProductPriceInSortedOrder"/>
</testsuite> <!-- testScripts.productCategoryPage.VerifyProductPriceInSortedOrder -->
