<?xml version="1.0" encoding="UTF-8"?>
<!-- Generated by org.testng.reporters.JUnitReportReporter -->
<testsuite hostname="Sumit" name="testScripts.compareProducts.VerifyCompareProducts" tests="1" failures="0" timestamp="10 Dec 2020 19:02:37 GMT" time="9.429" errors="0">
  <testcase name="verifyCompareProducts" time="9.429" classname="testScripts.compareProducts.VerifyCompareProducts"/>
</testsuite> <!-- testScripts.compareProducts.VerifyCompareProducts -->
