<?xml version="1.0" encoding="UTF-8"?>
<!-- Generated by org.testng.reporters.JUnitReportReporter -->
<testsuite hostname="Sumit" name="testScripts.loginPage.LoginTest" tests="1" failures="0" timestamp="30 Dec 2020 19:29:52 GMT" time="2.899" errors="0">
  <testcase name="testLoginToApplication" time="2.899" classname="testScripts.loginPage.LoginTest"/>
</testsuite> <!-- testScripts.loginPage.LoginTest -->
