<?xml version="1.0" encoding="UTF-8"?>
<!-- Generated by org.testng.reporters.JUnitReportReporter -->
<testsuite hostname="Sumit" name="testScripts.productCategoryPage.VerifyProductNameInSortedOrder" tests="1" failures="0" timestamp="22 Nov 2020 19:20:17 GMT" time="6.568" errors="0">
  <testcase name="verifyProductNameInSortedOrderInProductCategoryPage" time="6.568" classname="testScripts.productCategoryPage.VerifyProductNameInSortedOrder"/>
</testsuite> <!-- testScripts.productCategoryPage.VerifyProductNameInSortedOrder -->
