<?xml version="1.0" encoding="UTF-8"?>
<!-- Generated by org.testng.reporters.JUnitReportReporter -->
<testsuite hostname="Sumit" name="testScripts.productCategoryPage.VerifyProductPriceInSortedOrder" tests="1" failures="0" timestamp="30 Dec 2020 19:29:52 GMT" time="16.109" errors="0">
  <testcase name="verifyProductPriceSortingInProductCategoryPage" time="16.109" classname="testScripts.productCategoryPage.VerifyProductPriceInSortedOrder"/>
</testsuite> <!-- testScripts.productCategoryPage.VerifyProductPriceInSortedOrder -->
