<?xml version="1.0" encoding="UTF-8"?>
<!-- Generated by org.testng.reporters.JUnitReportReporter -->
<testsuite hostname="Sumit" name="testScripts.productDetailPage.VerifyProductNameInAscendingOrder" tests="1" failures="0" timestamp="22 Oct 2020 18:58:31 GMT" time="5.613" errors="0">
  <testcase name="verifyProductNameInAscendingOrder_InProductDeatilsPage" time="5.613" classname="testScripts.productDetailPage.VerifyProductNameInAscendingOrder"/>
</testsuite> <!-- testScripts.productDetailPage.VerifyProductNameInAscendingOrder -->
