<?xml version="1.0" encoding="UTF-8"?>
<!-- Generated by org.testng.reporters.JUnitReportReporter -->
<testsuite hostname="Sumit" name="testScripts.TestScreenShot" tests="2" failures="0" timestamp="11 Sep 2020 19:51:44 GMT" time="11.198" errors="0">
  <testcase name="testscreen2" time="6.502" classname="testScripts.TestScreenShot"/>
  <testcase name="testscreen1" time="4.696" classname="testScripts.TestScreenShot"/>
</testsuite> <!-- testScripts.TestScreenShot -->
