<?xml version="1.0" encoding="UTF-8"?>
<!-- Generated by org.testng.reporters.JUnitReportReporter -->
<testsuite hostname="Sumit" name="testScripts.productDetailPage.VerifyProductPriceInSortedOrder" tests="1" failures="0" timestamp="2 Nov 2020 19:56:52 GMT" time="4.647" errors="0">
  <testcase name="verifyProductPriceSortingInProductDeatilsPage" time="4.647" classname="testScripts.productDetailPage.VerifyProductPriceInSortedOrder"/>
</testsuite> <!-- testScripts.productDetailPage.VerifyProductPriceInSortedOrder -->
