<?xml version="1.0" encoding="UTF-8"?>
<!-- Generated by org.testng.reporters.JUnitReportReporter -->
<testsuite hostname="Sumit" name="testScripts.productDetailPage.VerifyProductDetailPage" tests="1" failures="0" timestamp="10 Dec 2020 19:02:37 GMT" time="14.012" errors="0">
  <testcase name="verifyProductDeatilsPage" time="14.012" classname="testScripts.productDetailPage.VerifyProductDetailPage"/>
</testsuite> <!-- testScripts.productDetailPage.VerifyProductDetailPage -->
