<?xml version="1.0" encoding="UTF-8"?>
<!-- Generated by org.testng.reporters.JUnitReportReporter -->
<testsuite hostname="Sumit" name="com.guru99demo.testcases.LoginPageTest"
	tests="1" failures="0" timestamp="1 Sep 2019 10:29:23 GMT" time="9.833"
	errors="0">
	<testcase name="loginPageTitleTest" time="9.833"
		classname="com.guru99demo.testcases.LoginPageTest" />
</testsuite> <!-- com.guru99demo.testcases.LoginPageTest -->
