<?xml version="1.0" encoding="UTF-8"?>
<!-- Generated by org.testng.reporters.JUnitReportReporter -->
<testsuite hostname="Sumit" name="testScripts.productDetailPage.VerifyProductPriceInAscendingOrder" tests="1" failures="0" timestamp="2 Nov 2020 19:12:08 GMT" time="4.287" errors="0">
  <testcase name="verifyProductPriceInAscendingOrderInProductDeatilsPage" time="4.287" classname="testScripts.productDetailPage.VerifyProductPriceInAscendingOrder"/>
</testsuite> <!-- testScripts.productDetailPage.VerifyProductPriceInAscendingOrder -->
