<?xml version="1.0" encoding="UTF-8"?>
<!-- Generated by org.testng.reporters.JUnitReportReporter -->
<testsuite hostname="Sumit" name="testScripts.productDetailPage.VerifyProductDetailPage" tests="1" failures="0" timestamp="21 Nov 2020 18:27:00 GMT" time="11.668" errors="0">
  <testcase name="verifyProductDeatilsPage" time="11.668" classname="testScripts.productDetailPage.VerifyProductDetailPage"/>
</testsuite> <!-- testScripts.productDetailPage.VerifyProductDetailPage -->
