<?xml version="1.0" encoding="UTF-8"?>
<!-- Generated by org.testng.reporters.JUnitReportReporter -->
<testsuite hostname="Sumit" name="testScripts.loginPage.LoginTest" tests="1" failures="0" timestamp="2 Nov 2020 19:56:52 GMT" time="2.669" errors="0">
  <testcase name="testLoginToApplication" time="2.669" classname="testScripts.loginPage.LoginTest"/>
</testsuite> <!-- testScripts.loginPage.LoginTest -->
