<?xml version="1.0" encoding="UTF-8"?>
<!-- Generated by org.testng.reporters.JUnitReportReporter -->
<testsuite hostname="Sumit" name="testScripts.productCategoryPage.VerifyProductPriceInSortedOrder" tests="1" failures="0" timestamp="22 Nov 2020 19:20:17 GMT" time="12.650" errors="0">
  <testcase name="verifyProductPriceSortingInProductCategoryPage" time="12.650" classname="testScripts.productCategoryPage.VerifyProductPriceInSortedOrder"/>
</testsuite> <!-- testScripts.productCategoryPage.VerifyProductPriceInSortedOrder -->
