<?xml version="1.0" encoding="UTF-8"?>
<!-- Generated by org.testng.reporters.JUnitReportReporter -->
<testsuite hostname="Sumit" name="testScripts.addToCart.VerifyAddToCartPage" tests="2" failures="0" timestamp="30 Dec 2020 19:29:52 GMT" time="11.654" errors="0">
  <testcase name="verifyUpdateAddItemCart" time="10.467" classname="testScripts.addToCart.VerifyAddToCartPage"/>
  <testcase name="verifyEmptyCart" time="1.187" classname="testScripts.addToCart.VerifyAddToCartPage"/>
</testsuite> <!-- testScripts.addToCart.VerifyAddToCartPage -->
