<?xml version="1.0" encoding="UTF-8"?>
<!-- Generated by org.testng.reporters.JUnitReportReporter -->
<testsuite hostname="Sumit" name="testScripts.productDetailPage.VerifyProductNameInAscendingOrder" tests="1" failures="0" timestamp="2 Nov 2020 19:12:08 GMT" time="6.257" errors="0">
  <testcase name="verifyProductNameInAscendingOrderInProductDeatilsPage" time="6.257" classname="testScripts.productDetailPage.VerifyProductNameInAscendingOrder"/>
</testsuite> <!-- testScripts.productDetailPage.VerifyProductNameInAscendingOrder -->
