<?xml version="1.0" encoding="UTF-8"?>
<!-- Generated by org.testng.reporters.JUnitReportReporter -->
<testsuite hostname="Sumit" name="testScripts.productDetailPage.VerifyProductDetailPage" tests="1" failures="0" timestamp="22 Nov 2020 19:20:17 GMT" time="13.143" errors="0">
  <testcase name="verifyProductDeatilsPage" time="13.143" classname="testScripts.productDetailPage.VerifyProductDetailPage"/>
</testsuite> <!-- testScripts.productDetailPage.VerifyProductDetailPage -->
