<?xml version="1.0" encoding="UTF-8"?>
<!-- Generated by org.testng.reporters.JUnitReportReporter -->
<testsuite hostname="Sumit" name="testScripts.addToCart.VerifyAddToCartPage" tests="2" failures="0" timestamp="24 Nov 2020 18:36:46 GMT" time="9.034" errors="0">
  <testcase name="verifyEmptyCart" time="1.350" classname="testScripts.addToCart.VerifyAddToCartPage"/>
  <testcase name="verifyUpdateAddItemCart" time="7.684" classname="testScripts.addToCart.VerifyAddToCartPage"/>
</testsuite> <!-- testScripts.addToCart.VerifyAddToCartPage -->
