<?xml version="1.0" encoding="UTF-8"?>
<!-- Generated by org.testng.reporters.JUnitReportReporter -->
<testsuite hostname="Sumit" name="testScripts.addToCart.VerifyAddToCartPage" tests="2" failures="0" timestamp="10 Dec 2020 19:02:37 GMT" time="11.504" errors="0">
  <testcase name="verifyUpdateAddItemCart" time="10.165" classname="testScripts.addToCart.VerifyAddToCartPage"/>
  <testcase name="verifyEmptyCart" time="1.339" classname="testScripts.addToCart.VerifyAddToCartPage"/>
</testsuite> <!-- testScripts.addToCart.VerifyAddToCartPage -->
