<?xml version="1.0" encoding="UTF-8"?>
<!-- Generated by org.testng.reporters.JUnitReportReporter -->
<testsuite hostname="Sumit" name="testScripts.productDetailPage.VerifyProductDetailPage" tests="1" failures="0" timestamp="30 Dec 2020 19:29:52 GMT" time="14.658" errors="0">
  <testcase name="verifyProductDeatilsPage" time="14.658" classname="testScripts.productDetailPage.VerifyProductDetailPage"/>
</testsuite> <!-- testScripts.productDetailPage.VerifyProductDetailPage -->
