<?xml version="1.0" encoding="UTF-8"?>
<!-- Generated by org.testng.reporters.JUnitReportReporter -->
<testsuite hostname="Sumit" name="testScripts.compareProducts.VerifyCompareProducts" tests="1" failures="0" timestamp="24 Nov 2020 18:36:46 GMT" time="9.956" errors="0">
  <testcase name="verifyCompareProducts" time="9.956" classname="testScripts.compareProducts.VerifyCompareProducts"/>
</testsuite> <!-- testScripts.compareProducts.VerifyCompareProducts -->
