<?xml version="1.0" encoding="UTF-8"?>
<!-- Generated by org.testng.reporters.JUnitReportReporter -->
<testsuite hostname="Sumit" name="testScripts.productCategoryPage.VerifyProductNameInSortedOrder" tests="1" failures="0" timestamp="24 Nov 2020 18:36:46 GMT" time="6.141" errors="0">
  <testcase name="verifyProductNameInSortedOrderInProductCategoryPage" time="6.141" classname="testScripts.productCategoryPage.VerifyProductNameInSortedOrder"/>
</testsuite> <!-- testScripts.productCategoryPage.VerifyProductNameInSortedOrder -->
