<?xml version="1.0" encoding="UTF-8"?>
<!-- Generated by org.testng.reporters.JUnitReportReporter -->
<testsuite hostname="Sumit" name="testScripts.loginPage.LoginTest" tests="1" failures="0" timestamp="21 Oct 2020 19:12:33 GMT" time="3.513" errors="0">
  <testcase name="testLoginToApplication" time="3.513" classname="testScripts.loginPage.LoginTest"/>
</testsuite> <!-- testScripts.loginPage.LoginTest -->
