<?xml version="1.0" encoding="UTF-8"?>
<!-- Generated by org.testng.reporters.JUnitReportReporter -->
<testsuite hostname="Sumit" name="testScripts.productCategoryPage.VerifyProductNameInSortedOrder" tests="1" failures="0" timestamp="30 Dec 2020 19:29:52 GMT" time="9.495" errors="0">
  <testcase name="verifyProductNameInSortedOrderInProductCategoryPage" time="9.495" classname="testScripts.productCategoryPage.VerifyProductNameInSortedOrder"/>
</testsuite> <!-- testScripts.productCategoryPage.VerifyProductNameInSortedOrder -->
