<?xml version="1.0" encoding="UTF-8"?>
<!-- Generated by org.testng.reporters.JUnitReportReporter -->
<testsuite hostname="Sumit" name="testScripts.myAccountPage.VerifyMyAccount" tests="2" failures="0" timestamp="30 Dec 2020 19:29:52 GMT" time="10.057" errors="0">
  <testcase name="addWishlist" time="4.301" classname="testScripts.myAccountPage.VerifyMyAccount"/>
  <testcase name="createNewAccount" time="5.756" classname="testScripts.myAccountPage.VerifyMyAccount"/>
</testsuite> <!-- testScripts.myAccountPage.VerifyMyAccount -->
