<?xml version="1.0" encoding="UTF-8"?>
<!-- Generated by org.testng.reporters.JUnitReportReporter -->
<testsuite hostname="Sumit" name="testScripts.productDetailPage.VerifyProductDetailPage" tests="1" failures="0" timestamp="24 Nov 2020 18:36:46 GMT" time="13.273" errors="0">
  <testcase name="verifyProductDeatilsPage" time="13.273" classname="testScripts.productDetailPage.VerifyProductDetailPage"/>
</testsuite> <!-- testScripts.productDetailPage.VerifyProductDetailPage -->
