<?xml version="1.0" encoding="UTF-8"?>
<!-- Generated by org.testng.reporters.JUnitReportReporter -->
<testsuite hostname="Sumit" name="testScripts.addToCart.VerifyAddToCartPage" tests="1" failures="0" timestamp="21 Nov 2020 18:28:17 GMT" time="10.610" errors="0">
  <testcase name="verifyUpdateAddItemCart" time="10.610" classname="testScripts.addToCart.VerifyAddToCartPage"/>
</testsuite> <!-- testScripts.addToCart.VerifyAddToCartPage -->
