<?xml version="1.0" encoding="UTF-8"?>
<!-- Generated by org.testng.reporters.JUnitReportReporter -->
<testsuite hostname="Sumit" name="testScripts.compareProducts.VerifyCompareProducts" tests="1" failures="0" timestamp="30 Dec 2020 19:29:52 GMT" time="12.482" errors="0">
  <testcase name="verifyCompareProducts" time="12.482" classname="testScripts.compareProducts.VerifyCompareProducts"/>
</testsuite> <!-- testScripts.compareProducts.VerifyCompareProducts -->
