<?xml version="1.0" encoding="UTF-8"?>
<!-- Generated by org.testng.reporters.JUnitReportReporter -->
<testsuite hostname="Sumit" name="testScripts.productCategoryPage.VerifyProductNameInSortedOrder" tests="1" failures="0" timestamp="10 Dec 2020 19:02:37 GMT" time="8.629" errors="0">
  <testcase name="verifyProductNameInSortedOrderInProductCategoryPage" time="8.629" classname="testScripts.productCategoryPage.VerifyProductNameInSortedOrder"/>
</testsuite> <!-- testScripts.productCategoryPage.VerifyProductNameInSortedOrder -->
