<?xml version="1.0" encoding="UTF-8"?>
<!-- Generated by org.testng.reporters.JUnitReportReporter -->
<testsuite hostname="Sumit" name="testScripts.Test1" tests="2" failures="0" timestamp="18 Sep 2020 17:25:01 GMT" time="0.111" errors="0">
  <testcase name="login" time="0.110" classname="testScripts.Test1"/>
  <testcase name="login1" time="0.001" classname="testScripts.Test1"/>
</testsuite> <!-- testScripts.Test1 -->
