<?xml version="1.0" encoding="UTF-8"?>
<!-- Generated by org.testng.reporters.JUnitReportReporter -->
<testsuite hostname="Sumit" name="testScripts.loginPage.LoginTest" tests="1" failures="0" timestamp="24 Nov 2020 18:36:46 GMT" time="3.104" errors="0">
  <testcase name="testLoginToApplication" time="3.104" classname="testScripts.loginPage.LoginTest"/>
</testsuite> <!-- testScripts.loginPage.LoginTest -->
