<?xml version="1.0" encoding="UTF-8"?>
<!-- Generated by org.testng.reporters.JUnitReportReporter -->
<testsuite hostname="Sumit" name="testScripts.productCategoryPage.VerifyProductNameInSortedOrder" tests="1" failures="0" timestamp="21 Nov 2020 18:27:00 GMT" time="5.807" errors="0">
  <testcase name="verifyProductNameInSortedOrderInProductCategoryPage" time="5.807" classname="testScripts.productCategoryPage.VerifyProductNameInSortedOrder"/>
</testsuite> <!-- testScripts.productCategoryPage.VerifyProductNameInSortedOrder -->
