<?xml version="1.0" encoding="UTF-8"?>
<!-- Generated by org.testng.reporters.JUnitReportReporter -->
<testsuite hostname="Sumit" name="testScripts.addToCart.VerifyAddToCartPage" tests="2" failures="0" timestamp="22 Nov 2020 19:20:17 GMT" time="9.121" errors="0">
  <testcase name="verifyEmptyCart" time="1.395" classname="testScripts.addToCart.VerifyAddToCartPage"/>
  <testcase name="verifyUpdateAddItemCart" time="7.726" classname="testScripts.addToCart.VerifyAddToCartPage"/>
</testsuite> <!-- testScripts.addToCart.VerifyAddToCartPage -->
