<?xml version="1.0" encoding="UTF-8"?>
<!-- Generated by org.testng.reporters.JUnitReportReporter -->
<testsuite hostname="Sumit" name="testScripts.productCategoryPage.VerifyProductPriceInSortedOrder" tests="1" failures="0" timestamp="10 Dec 2020 19:02:37 GMT" time="12.608" errors="0">
  <testcase name="verifyProductPriceSortingInProductCategoryPage" time="12.608" classname="testScripts.productCategoryPage.VerifyProductPriceInSortedOrder"/>
</testsuite> <!-- testScripts.productCategoryPage.VerifyProductPriceInSortedOrder -->
