<?xml version="1.0" encoding="UTF-8"?>
<!-- Generated by org.testng.reporters.JUnitReportReporter -->
<testsuite hostname="Sumit" name="testScripts.myAccountPage.VerifyMyAccount" tests="1" failures="0" timestamp="10 Dec 2020 19:08:37 GMT" time="1.742" errors="0">
  <testcase name="createNewAccount" time="1.742" classname="testScripts.myAccountPage.VerifyMyAccount"/>
</testsuite> <!-- testScripts.myAccountPage.VerifyMyAccount -->
